GET /api/persons/ 304 - - 0.178 ms - {}
GET /api/persons/ 304 - - 0.152 ms - {}
DELETE /api/persons/3 204 - - 0.038 ms - {}
GET /api/persons/ 200 163 - 0.120 ms - {}
GET /api/persons/ 304 - - 0.213 ms - {}
GET /api/persons/ 200 223 - 0.952 ms - {}
GET /favicon.ico 404 28 - 0.253 ms - {}
GET /api/persons 200 223 - 0.178 ms - {}
GET /api/persons/3 200 59 - 0.957 ms - {}
GET /api/persons/ 500 1459 - 0.999 ms - {}
GET /api/persons/ 500 1459 - 1.113 ms - {}
GET /api/persons/ 200 73 - 83.498 ms - {}
GET /api/persons/ 200 64 - 74.813 ms - {}
GET /api/persons 500 1460 - 1.167 ms - {}
GET /api/persons 500 1460 - 0.243 ms - {}
POST /api/persons 400 27 - 0.592 ms - {"name":"sdfsdf","number":"546546546546","id":0}
POST /api/persons 400 27 - 0.856 ms - {"name":"sdfsdf","number":"546546546546","id":0}
GET /api/persons 500 1460 - 1.156 ms - {}
POST /api/persons 400 27 - 0.142 ms - {"name":"fdgdfgfdg","number":"546546546546","id":0}
POST /api/persons 400 27 - 0.905 ms - {"name":"fdgdfgfdg","number":"546546546546","id":0}
GET /api/persons 500 1460 - 0.854 ms - {}
GET /api/persons 500 1460 - 0.190 ms - {}
POST /api/persons 400 27 - 0.134 ms - {"name":"fdgdfgfdg","number":"546546546546","id":0}
POST /api/persons 400 27 - 0.848 ms - {"name":"fdgdfgfdg","number":"546546546546","id":0}
GET /api/persons 200 64 - 77.198 ms - {}
POST /api/persons 400 27 - 0.121 ms - {"name":"asdasdasd","number":"45345345345","id":526542}
POST /api/persons 400 27 - 0.842 ms - {"name":"asdasdasd","number":"45345345345","id":177157}
GET /api/persons/ 304 - - 74.316 ms - {}
GET /api/persons/ 200 128 - 70.548 ms - {}
GET /api/persons 200 128 - 70.938 ms - {}
POST /api/persons 400 27 - 0.172 ms - {"name":"asdasdasd","number":"546546546546","id":274608}
GET /api/persons 200 128 - 70.449 ms - {}
GET /api/persons 200 128 - 70.710 ms - {}
GET /api/persons 200 128 - 70.775 ms - {}
POST /api/persons 400 27 - 0.152 ms - {"name":"dfgdfgdfg","number":"56456546546"}
GET /api/persons 200 128 - 70.956 ms - {}
GET /api/persons/1 200 55 - 0.987 ms - {}
GET /api/persons/ 200 64 - 76.545 ms - {}
GET /api/persons/ 304 - - 72.230 ms - {}
GET /api/persons/ 304 - - 70.549 ms - {}
GET /api/persons/ 200 97 - 75.973 ms - {}
POST /api/persons 400 27 - 0.269 ms - {"name":"dfgdfgdfg","number":"56456546546","id":815272}
GET /api/persons/ 304 - - 72.027 ms - {}
GET /api/persons 200 97 - 71.478 ms - {}
GET /api/persons 304 - - 71.869 ms - {}
POST /api/persons 400 27 - 0.173 ms - {"name":"fghfgh","number":"546546456546","id":98570}
POST /api/persons 400 27 - 0.124 ms - {"name":"fghfgh","number":"546546456546","id":152423}
POST /api/persons/ 400 27 - 0.141 ms - {"name":"Dan Abramova","number":"345344343545"}
POST /api/persons/ 400 27 - 0.210 ms - {"name":"Dan Abramova","number":"345344343545","id":32432423434}
POST /api/persons/ 400 27 - 1.218 ms - {"name":"Dan Abramova","number":"345344343545","id":32432423434}
POST /api/persons/ 400 27 - 0.448 ms - {"name":"Dan Abramova","number":"345344343545","id":32432423434}
POST /api/persons/ 500 1491 - 1.017 ms - {"name":"Dan Abramova","number":"345344343545","id":32432423434}
POST /api/persons/ 400 27 - 1.407 ms - {"name":"Dan Abramova","number":"345344343545","id":32432423434}
POST /api/persons/ 400 27 - 39.713 ms - {"name":"Dan Abramova","number":"345344343545","id":32432423434}
POST /api/persons 400 27 - 34.874 ms - {"name":"Dan Abramova","number":"345344343545","id":32432423434}
POST /api/persons 400 27 - 2.110 ms - {"name":"Dan Abramova","number":"345344343545","id":32432423434}
POST /api/persons 400 27 - 0.594 ms - {"name":"Dan Abramova","number":"345344343545","id":32432423434}
POST /api/persons 400 27 - 1.477 ms - {"name":"Dan Abramova","number":"345344343545","id":32432423434}
POST /api/persons 400 28 - 0.845 ms - {"name":"Dan Abramova","number":"345344343545","id":32432423434}
GET /api/persons 200 97 - 75.554 ms - {}
POST /api/persons 400 27 - 0.359 ms - {"name":"Dan Abramova","number":"345344343545","id":32432423434}
POST /api/persons 400 27 - 1.527 ms - {"name":"Dan Abramova","number":"345344343545","id":32432423434}
POST /api/persons 200 64 - 83.915 ms - {"name":"Dan Abramova","number":"345344343545","id":32432423434}
GET /api/persons 200 162 - 75.338 ms - {}
DELETE /api/persons/32432423434 204 - - 0.481 ms - {}
GET /api/persons 200 162 - 70.522 ms - {}
DELETE /api/persons/undefined 204 - - 0.211 ms - {}
GET /api/persons 200 162 - 71.532 ms - {}
GET /api/persons 200 162 - 70.885 ms - {}
GET /api/persons/177481 404 28 - 0.969 ms - {}
GET /api/persons/1 404 28 - 0.229 ms - {}
GET /api/persons/2 404 28 - 0.129 ms - {}
GET /api/persons/32432423434 404 28 - 0.170 ms - {}
GET /api/persons/32432423434 404 28 - 0.138 ms - {}
GET /api/persons 200 162 - 75.046 ms - {}
GET /api/persons/32432423434 404 28 - 0.881 ms - {}
GET /api/persons 200 162 - 76.597 ms - {}
DELETE /api/persons/32432423434 204 - - 0.490 ms - {}
GET /api/persons 304 - - 79.011 ms - {}
GET /api/persons 304 - - 79.285 ms - {}
GET /api/persons 304 - - 70.427 ms - {}
GET /api/persons 304 - - 70.361 ms - {}
GET /api/persons 200 162 - 88.465 ms - {}
GET /api/persons 200 162 - 77.487 ms - {}
GET /api/persons/1 200 4 - 74.803 ms - {}
GET /api/persons/ 200 162 - 71.853 ms - {}
GET /api/persons/32432423434 200 4 - 70.709 ms - {}
GET /api/persons/1/ 200 4 - 69.429 ms - {}
GET /api/persons/1 304 - - 71.879 ms - {}
GET /api/persons 200 162 - 74.590 ms - {}
GET /api/persons/1 500 1448 - 1.186 ms - {}
GET /api/persons/ 200 162 - 74.516 ms - {}
GET /api/persons 304 - - 71.448 ms - {}
GET /api/persons 200 66 - 75.273 ms - {}
GET /api/persons/1 404 28 - 73.444 ms - {}
GET /api/persons/32432423434 200 64 - 73.034 ms - {}
GET /api/persons/1 404 28 - 71.449 ms - {}
GET /api/persons/32432423434 200 64 - 70.813 ms - {}
GET /api/persons 304 - - 74.349 ms - {}
GET /api/persons 304 - - 73.600 ms - {}
GET /api/persons 304 - - 70.231 ms - {}
GET /info 500 1463 - 1.757 ms - {}
GET /info 200 93 - 1.969 ms - {}
GET /api/persons 304 - - 75.013 ms - {}
GET /info 200 93 - 0.550 ms - {}
GET /api/persons 200 66 - 74.407 ms - {}
GET /api/persons/ 200 66 - 70.680 ms - {}
POST /api/persons 200 53 - 78.886 ms - {"name":"asdasd","number":"234534534534","id":606335}
GET /api/persons 200 120 - 71.198 ms - {}
GET /api/persons 304 - - 72.804 ms - {}
GET /api/persons/ 200 120 - 71.743 ms - {}
GET /info 200 93 - 0.449 ms - {}
GET /info 200 96 - 1.820 ms - {}
GET /info 200 96 - 36.112 ms - {}
GET /info 200 96 - 1.808 ms - {}
GET /info 200 96 - 24.767 ms - {}
GET /info 200 96 - 1.883 ms - {}
GET /api/persons/ 304 - - 75.408 ms - {}
GET /info 200 96 - 0.460 ms - {}
GET /info 200 96 - 1.846 ms - {}
GET /info 200 59 - 82.614 ms - {}
GET /info 200 94 - 76.393 ms - {}
GET /info 200 93 - 76.508 ms - {}
GET /api/persons 200 120 - 78.943 ms - {}
DELETE /api/persons/606335 500 1448 - 1.682 ms - {}
GET /api/persons 304 - - 73.953 ms - {}
GET /api/persons 304 - - 75.111 ms - {}
POST /api/persons 200 52 - 89.536 ms - {"name":"sdfdsfa","number":"54654654656","id":52496}
GET /api/persons 200 173 - 75.720 ms - {}
GET /api/persons 304 - - 74.551 ms - {}
GET /api/persons 304 - - 78.303 ms - {}
GET /api/persons/ 200 173 - 72.947 ms - {}
GET /api/persons 304 - - 74.727 ms - {}
GET /api/persons 304 - - 74.595 ms - {}
GET /api/persons/52496 200 52 - 74.079 ms - {}
GET /api/persons 304 - - 73.840 ms - {}
GET /api/persons 304 - - 77.963 ms - {}
GET /info 200 93 - 74.338 ms - {}
GET /api/persons 200 173 - 77.079 ms - {}
GET /api/persons 200 173 - 74.200 ms - {}
GET /api/persons 200 173 - 72.347 ms - {}
GET /api/persons 200 173 - 83.635 ms - {}
GET /api/persons 200 173 - 72.016 ms - {}
GET /api/persons 200 173 - 81.960 ms - {}
GET /api/persons 200 173 - 561.414 ms - {}
GET /api/persons 304 - - 75.521 ms - {}
GET /api/persons 200 173 - 73.586 ms - {}
GET /info 200 93 - 76.319 ms - {}
GET /api/persons 200 173 - 74.513 ms - {}
GET /info 200 93 - 74.295 ms - {}
GET /infodfdf 404 28 - 0.224 ms - {}
GET /api/persons 200 173 - 76.849 ms - {}
GET /api/persons 200 173 - 74.798 ms - {}
GET /api/persons 200 173 - 76.207 ms - {}
GET /api/persons 200 173 - 103.414 ms - {}
GET /api/persons/4 404 28 - 72.166 ms - {}
GET /api/persons/4 404 28 - 72.874 ms - {}
GET /api/persons 200 173 - 74.791 ms - {}
GET /adfgdfg 404 28 - 0.122 ms - {}
GET /345345345 404 28 - 0.108 ms - {}
GET /api/persons 304 - - 75.249 ms - {}
GET /adfgdfg 404 28 - 0.125 ms - {}
GET /api/persons 304 - - 76.698 ms - {}
GET /info 200 93 - 74.294 ms - {}
GET /sdasdasd 404 28 - 0.145 ms - {}
GET /345345345 404 28 - 0.938 ms - {}
GET /345345345 404 28 - 0.275 ms - {}
GET /345345345 404 28 - 0.140 ms - {}
GET /345345345 404 28 - 0.887 ms - {}
GET /345345345 404 28 - 0.228 ms - {}
GET /345345345 404 28 - 0.182 ms - {}
GET /345345345 404 28 - 0.222 ms - {}
GET /345345345 404 28 - 0.857 ms - {}
GET /api/persons 200 229 - 81.482 ms - {}
POST /api/persons 200 72 - 86.287 ms - {"name":"sdfsdfs","number":"5654654656","id":450178}
GET /api/persons 200 302 - 79.050 ms - {}
GET /api/persons 200 302 - 73.840 ms - {}
GET /api/persons 200 302 - 74.922 ms - {}
GET /api/persons 200 302 - 74.547 ms - {}
GET /persons/66293483af5799cf65c274cc 404 28 - 0.150 ms - {}
GET /api/persons 200 302 - 73.541 ms - {}
GET /info 200 93 - 73.950 ms - {}
GET /api/persons 200 302 - 75.821 ms - {}
DELETE /api/persons/66293483af5799cf65c274cc 500 1448 - 0.955 ms - {}
GET /api/persons 200 302 - 76.833 ms - {}
GET /api/persons - - - - ms - {}
GET /api/persons 200 302 - 74.496 ms - {}
POST /api/persons 200 78 - 76.649 ms - {"name":"fghfghfghfg","number":"546746546546","id":806738}
GET /api/persons 200 381 - 75.401 ms - {}
GET /api/persons 200 381 - 74.891 ms - {}
GET /api/persons 200 381 - 75.274 ms - {}
DELETE /api/persons/662934e5af5799cf65c274d8 500 1448 - 0.277 ms - {}
GET /api/persons 200 381 - 72.375 ms - {}
GET /api/persons 200 381 - 76.969 ms - {}
GET /persons/662934e5af5799cf65c274d8 404 28 - 0.129 ms - {}
GET /persons/1 404 28 - 0.112 ms - {}
GET /persons/1 404 28 - 0.129 ms - {}
GET /persons/662934e5af5799cf65c274d8 404 28 - 0.112 ms - {}
GET /persons/1 404 28 - 0.867 ms - {}
GET /persons/1 404 28 - 0.846 ms - {}
GET /persons/1 404 28 - 0.867 ms - {}
GET /api/persons/1 400 27 - 6.483 ms - {}
GET /persons/1 404 28 - 0.990 ms - {}
GET /api/persons 200 381 - 78.094 ms - {}
GET /api/persons/6628e813fd4d84baf3e18171 200 79 - 82.806 ms - {}
GET /api/persons/6628e813fd4d84baf3e18171 200 79 - 73.009 ms - {}
GET /api/persons/ 200 381 - 96.452 ms - {}
GET /api/persons/ 200 381 - 83.185 ms - {}
GET /api/persons 200 381 - 77.221 ms - {}
GET /api/persons/6628e813fd4d84baf3e18171 200 79 - 83.846 ms - {}
GET /api/persons/ 200 381 - 73.752 ms - {}
GET /api/persons 200 381 - 72.299 ms - {}
POST /api/persons 200 76 - 83.600 ms - {"name":"try123","number":"893472893748923","id":157008}
GET /api/persons 200 458 - 73.943 ms - {}
GET /api/persons 200 458 - 73.881 ms - {}
GET /api/persons/ 200 458 - 75.971 ms - {}
GET /api/persons/id 400 27 - 6.037 ms - {}
GET /asdasd 404 28 - 0.179 ms - {}
GET /api/persons/ 200 458 - 83.263 ms - {}
GET /api/persons 200 458 - 75.407 ms - {}
DELETE /api/persons/662936a725da7dda28e98ff4 404 28 - 0.473 ms - {}
GET /api/persons 304 - - 73.004 ms - {}
GET /api/persons 304 - - 76.359 ms - {}
DELETE /api/persons/662936a725da7dda28e98ff4 404 28 - 0.278 ms - {}
GET /api/persons 304 - - 76.355 ms - {}
GET /api/persons 304 - - 75.835 ms - {}
GET /api/persons 304 - - 81.050 ms - {}
DELETE /api/persons/6628ee5bc7cf7da9a8ca77d4 404 28 - 0.500 ms - {}
GET /api/persons 304 - - 75.227 ms - {}
DELETE /api/persons/6628ee5bc7cf7da9a8ca77d4 404 28 - 0.140 ms - {}
DELETE /api/persons/662936a725da7dda28e98ff4 404 28 - 0.919 ms - {}
GET /api/persons 304 - - 77.275 ms - {}
GET /api/persons 304 - - 75.986 ms - {}
GET /api/persons 304 - - 73.855 ms - {}
DELETE /api/persons/6628ee5bc7cf7da9a8ca77d4 404 28 - 0.183 ms - {}
GET /api/persons/6628ee5bc7cf7da9a8ca77d4 200 73 - 76.036 ms - {}
DELETE /api/persons/6628ee5bc7cf7da9a8ca77d4 404 28 - 0.931 ms - {}
GET /api/persons/6628ee5bc7cf7da9a8ca77d4 304 - - 77.802 ms - {}
GET /api/persons 304 - - 75.585 ms - {}
DELETE /api/persons/662936a725da7dda28e98ff4 404 28 - 0.195 ms - {}
GET /api/persons 200 458 - 73.420 ms - {}
GET /api/persons 200 458 - 76.604 ms - {}
GET /api/persons/662936a725da7dda28e98ff4 200 76 - 72.173 ms - {}
POST /api/persons 200 79 - 95.667 ms - {"name":"Dan Abramova","number":"345344343545","id":32432423434}
DELETE /api/persons/6628ee5bc7cf7da9a8ca77d4 404 28 - 0.171 ms - {}
GET /api/persons/6628ee5bc7cf7da9a8ca77d4 304 - - 73.224 ms - {}
GET /api/persons/6628ee5bc7cf7da9a8ca77d4 304 - - 76.653 ms - {}
DELETE /api/persons/6628ee5bc7cf7da9a8ca77d4 404 28 - 0.926 ms - {}
DELETE /api/persons/6628ee5bc7cf7da9a8ca77d4 204 - - 82.278 ms - {}
GET /api/persons 200 464 - 78.773 ms - {}
DELETE /api/persons/66293badd8e282260e2f25c8 204 - - 78.441 ms - {}
GET /api/persons 200 384 - 495.886 ms - {}
GET /api/persons 200 384 - 72.518 ms - {}
GET /api/persons 200 307 - 72.953 ms - {}
DELETE /api/persons/662936a725da7dda28e98ff4 204 - - 105.036 ms - {}
GET /api/persons 200 228 - 73.148 ms - {}
DELETE /api/persons/662934e5af5799cf65c274d8 204 - - 76.099 ms - {}
GET /api/persons 200 228 - 73.286 ms - {}
PUT /api/persons/6628e813fd4d84baf3e18171 200 80 - 83.601 ms - {"name":"Dan Abramova","number":"5464565464565","id":"6628e813fd4d84baf3e18171"}
GET /api/persons 200 229 - 74.122 ms - {}
GET /api/persons 200 229 - 74.395 ms - {}
GET /api/persons 200 229 - 75.478 ms - {}
POST /api/persons 200 74 - 82.983 ms - {"name":"fdgdfg","number":"5654654654656","id":478842}
GET /api/persons 200 304 - 74.554 ms - {}
GET /api/persons 200 304 - 73.692 ms - {}
GET /favicon.ico 404 28 - 0.793 ms - {}
GET /api/persons 200 304 - 74.307 ms - {}
GET /api/persons 200 304 - 95.054 ms - {}
DELETE /api/persons/66293cd617718f3b946ba3d7 204 - - 78.322 ms - {}
GET /api/persons 200 229 - 437.961 ms - {}
GET /api/persons 200 229 - 67.974 ms - {}
POST /api/persons 200 72 - 74.707 ms - {"name":"fdgdfg","number":"56456546545","id":368073}
GET /api/persons 200 302 - 69.426 ms - {}
GET /api/persons 200 302 - 66.677 ms - {}
GET /api/persons 200 302 - 67.169 ms - {}
DELETE /api/persons/662a8a8bc1e91a1e4107ea2f 204 - - 72.559 ms - {}
GET /api/persons 200 229 - 71.707 ms - {}
GET /api/persons 200 229 - 70.040 ms - {}
POST /api/persons 200 77 - 74.211 ms - {"name":"fdgdfgdfg","number":"5465465465465","id":270572}
GET /api/persons 200 307 - 80.578 ms - {}
GET /api/persons 200 307 - 77.422 ms - {}
GET /api/persons 200 307 - 69.165 ms - {}
POST /api/persons 200 75 - 85.984 ms - {"name":"asdasdasd","number":"34534534545","id":136385}
GET /api/persons 200 383 - 69.318 ms - {}
GET /api/persons 200 383 - 65.959 ms - {}
GET /api/persons 200 383 - 69.825 ms - {}
GET /api/persons 200 383 - 67.657 ms - {}
GET /api/persons 200 307 - 67.822 ms - {}
DELETE /api/persons/662a8b26c1e91a1e4107ea3c 204 - - 70.463 ms - {}
GET /api/persons 200 307 - 68.549 ms - {}
POST /api/persons 200 77 - 74.094 ms - {"name":"dfgdfgdfgdf","number":"56546546546","id":371804}
GET /api/persons 200 385 - 67.671 ms - {}
GET /api/persons 200 385 - 70.301 ms - {}
GET /api/persons 200 385 - 69.242 ms - {}
GET /api/persons 200 385 - 72.913 ms - {}
DELETE /api/persons/662a8b51c1e91a1e4107ea45 204 - - 79.434 ms - {}
GET /api/persons 200 307 - 535.539 ms - {}
GET /api/persons 200 307 - 68.219 ms - {}
GET /api/persons 200 307 - 74.142 ms - {}
GET /api/persons 200 307 - 462.485 ms - {}
GET /api/persons 200 307 - 70.072 ms - {}
GET /api/persons 200 307 - 70.052 ms - {}
GET /api/persons 200 307 - 67.712 ms - {}
DELETE /api/persons/662a8ae7c1e91a1e4107ea37 204 - - 86.509 ms - {}
GET /api/persons 200 229 - 533.289 ms - {}
GET /api/persons 200 229 - 69.321 ms - {}
GET /api/persons 200 229 - 69.291 ms - {}
POST /api/persons 200 75 - 76.209 ms - {"name":"dfgdfgdfg","number":"56546456546"}
GET /api/persons 200 305 - 68.519 ms - {}
GET /api/persons 200 305 - 70.836 ms - {}
GET /api/persons 200 305 - 67.601 ms - {}
GET /api/persons 200 305 - 69.041 ms - {}
GET /api/persons 200 305 - 80.470 ms - {}
GET /api/persons 200 305 - 450.296 ms - {}
GET /api/persons 200 305 - 74.768 ms - {}
GET /api/persons 200 305 - 467.921 ms - {}
GET /api/persons 200 305 - 70.704 ms - {}
GET /api/persons 200 305 - 72.988 ms - {}
GET /api/persons 200 305 - 86.287 ms - {}
GET /api/persons 200 305 - 463.165 ms - {}
GET /api/persons 200 305 - 72.660 ms - {}
GET /api/persons 200 305 - 70.880 ms - {}
GET /api/persons 200 305 - 76.010 ms - {}
GET /api/persons 200 305 - 451.660 ms - {}
POST /api/persons 200 74 - 81.445 ms - {"name":"asdasd","number":"5345345345345"}
GET /api/persons 200 380 - 66.587 ms - {}
GET /api/persons 200 380 - 69.121 ms - {}
GET /api/persons 200 380 - 67.407 ms - {}
GET /api/persons 200 380 - 68.209 ms - {}
GET /api/persons 200 380 - 72.817 ms - {}
GET /api/persons 200 380 - 73.111 ms - {}
GET /api/persons 200 305 - 71.226 ms - {}
DELETE /api/persons/662a8e9d058ab2cac5c1bce2 204 - - 74.985 ms - {}
GET /api/persons 200 305 - 518.529 ms - {}
GET /api/persons 200 305 - 71.901 ms - {}
GET /api/persons 200 305 - 73.658 ms - {}
